<?xml version="1.0" encoding="UTF-8"?>
<!-- Generated by org.testng.reporters.JUnitXMLReporter -->
<testsuite hostname="DESKTOP-88R09EB" ignored="1" name="Default test" tests="1" failures="0" timestamp="2021-12-19T13:24:04 IST" time="28.006" errors="0">
  <testcase name="homePageTitleTest" time="9.859" classname="com.tests.HomeTest"/>
  <testcase name="homePageLogoTest" time="0.0" classname="com.tests.HomeTest">
    <ignored/>
  </testcase> <!-- homePageLogoTest -->
</testsuite> <!-- Default test -->
