<?xml version="1.0" encoding="UTF-8"?>
<!-- Generated by org.testng.reporters.JUnitXMLReporter -->
<testsuite ignored="1" hostname="QB-IPL-2331" failures="0" tests="4" name="Test" time="26.921" errors="0" timestamp="2022-04-02T13:19:16 IST">
  <testcase classname="com.tests.LoginTest" name="verifyForgotPasswordButtonTest" time="0.063"/>
  <testcase classname="com.tests.LoginTest" name="verifyLoginTest" time="4.102"/>
  <testcase classname="com.tests.HomeTest" name="homePageDashboardMenuTest" time="8.179"/>
  <testcase classname="com.tests.HomeTest" name="homePageLogoTest" time="10.405"/>
  <testcase classname="com.tests.BaseTest" name="@AfterSuite sendEmailWithExtentReport" time="0.0">
    <ignored/>
  </testcase> <!-- @AfterSuite sendEmailWithExtentReport -->
</testsuite> <!-- Test -->
